[?1h=
  ___  ____  ____  ____  ____ (R)
 /__    /   ____/   /   ____/
___/   /   /___/   /   /___/   15.0   Copyright 1985-2017 StataCorp LLC
  Statistics/Data Analysis            StataCorp
                                      4905 Lakeway Drive
     MP - Parallel Edition            College Station, Texas 77845 USA
                                      800-STATA-PC        http://www.stata.com
                                      979-696-4600        stata@stata.com
                                      979-696-4601 (fax)

2-user 16-core Stata network perpetual license:
       Serial number:  501506227547
         Licensed to:  Research Computing Center
                       University of Chicago

Notes:
      1.  Unicode is supported; see help unicode_advice.
      2.  More than 2 billion observations are allowed; see help obs_advice.
      3.  Maximum number of variables is set to 5000; see help set_maxvar.

. do "master.do" 

. 
. do do/test

. sysuse auto, clear
(1978 Automobile Data)

. 
. noisily sum _all

    Variable |        Obs        Mean    Std. Dev.       Min        Max
-------------+---------------------------------------------------------
        make |          0
       price |         74    6165.257    2949.496       3291      15906
         mpg |         74     21.2973    5.785503         12         41
       rep78 |         69    3.405797    .9899323          1          5
    headroom |         74    2.993243    .8459948        1.5          5
-------------+---------------------------------------------------------
       trunk |         74    13.75676    4.277404          5         23
      weight |         74    3019.459    777.1936       1760       4840
      length |         74    187.9324    22.26634        142        233
        turn |         74    39.64865    4.399354         31         51
displacement |         74    197.2973    91.83722         79        425
-------------+---------------------------------------------------------
  gear_ratio |         74    3.014865    .4562871       2.19       3.89
     foreign |         74    .2972973    .4601885          0          1

. 
. display "*************** I'm working! **********************"
*************** I'm working! **********************

. 
. 
. 
end of do-file

. // make the count stuff
. // do do/hotspots_near_count
. // 
. // define the program for high and low crime spillovers
. //do do/new_program
. 
. // prepare the dataset 
. //do do/prepare_data
. 
. // 
. // make a dataset for every percentile
. //forvalues i = 5(5)100 {
. //     crime_hetero_u_pct, belowcrimepct(`i') maxrep(1000) 
. // }
. 
. do do/crime_hs_near

. cap program drop crime_hs_near 

. program define crime_hs_near 
  1. syntax, OPERATION(name)
  2. clear
  3. clear mata
  4. set maxvar 20000
  5. 
. *********************************
. * Import the dataset ************
. *********************************
. // 226k observations, 6000 variables
. // id means all streets
. // objectid just means hotspots
. use tmp/ready_sim_loop, clear
  6. 
. *********************************
. * Set maximum repetitions *******
. *********************************
. local maxrep = 1000
  7. 
. 
. ***********************************
. * The for loop ********************
. ***********************************
. 
. display "****** Repetitions in the for loop ***********"
  8. quietly drop if id == objectid
  9. forvalues i = 1/`maxrep' {
 10. /* The goal here is to make a variable 
> for baseline crime only for hotspots. 
> We will use this as the total exposure 
> of crime near you. 
> */
.         qui gen sp250_crime_hsp_`i' = bl_crime_non_std if assign_hsp_`i' == 1
>  & ///
>                 all_assign_hsp_`i' == 2
 11.         
.         qui gen sp250_crime_bw_`i' = bl_crime_non_std if assign_bw_`i' == 1 &
>  ///
>                 all_assign_bw_`i' == 2
 12.         
.         qui gen sp250_crime_hsp_bw_`i' = bl_crime_non_std if assign_hsp_`i' =
> = 1 & /// 
>                 assign_bw_`i' == 1 & all_assign_hsp_`i' == 2 & all_assign_bw_
> `i' == 2
 13. 
.         qui gen n_sp250_hsp_`i' = (assign_hsp_`i' == 1) if ///
>                 all_assign_hsp_`i' == 2
 14.         
.         qui gen n_sp250_bw_`i' = (assign_hsp_`i' == 1) if ///
>                 all_assign_bw_`i' == 2
 15.         
.         qui gen n_sp250_hsp_bw_`i' = (assign_hsp_`i' == 1 & assign_hsp_`i' ==
>  1) if ///
>                 all_assign_hsp_`i' == 2 & all_assign_bw_`i' == 2
 16. }
 17. 
. ****************************************** 
. * Perform the collapse *******************
. ******************************************
. // keep just the variables we want
. keep id sp250_crime* n_sp250*
 18. 
. // rename id to objectid 
. // so we can merge data from other datasets in
. rename id objectid
 19. 
. 
. dis "************* Collapsing ************"
 20. fcollapse (`operation') sp250* (sum) n_sp250*, by(objectid)
 21. 
. 
. *********************************************
. * Merge in with other observations that are not spillovers 
. *********************************************
. quietly merge 1:1 objectid using in_data/treat_status, keepusing(objectid) no
> gen
 22. 
. ****************************************************
. * Replase observations with missing ***************
. ****************************************************
. forvalues i = 1/`maxrep' {
 23.         qui replace sp250_crime_hsp_`i' = 0 if missing(sp250_crime_hsp_`i'
> )
 24.         qui replace sp250_crime_bw_`i' = 0 if missing(sp250_crime_bw_`i')
 25.         qui replace sp250_crime_hsp_bw_`i' = 0 if missing(sp250_crime_hsp_
> bw_`i')
 26.         qui replace n_sp250_hsp_`i' = 0 if missing(n_sp250_hsp_`i')
 27.         qui replace n_sp250_bw_`i' = 0 if missing(n_sp250_bw_`i')
 28.         qui replace n_sp250_hsp_bw_`i' = 0 if missing(n_sp250_hsp_bw_`i')
 29. }
 30. 
. 
. **********************************************************
. * Find expected values ***********************************
. ***********************************************************
. // get locals for rowmeans 
. local hsp_vars
 31. local bw_vars
 32. local hsp_bw_vars
 33. local n_hsp_vars
 34. local n_bw_vars
 35. local n_hsp_bw_vars
 36. forvalues i = 1/`maxrep' {
 37.         local hsp_vars `hsp_vars' sp250_crime_hsp_`i'
 38.         local bw_vars `bw_vars' sp250_crime_bw_`i'
 39.         local hsp_bw_vars `hsp_bw_vars' sp250_crime_hsp_bw_`i'
 40.         local n_hsp_vars `n_hsp_vars' n_sp250_hsp_`i'
 41.         local n_bw_vars `n_bw_vars' n_sp250_bw_`i'
 42.         local n_hsp_bw_vars `n_hsp_bw_vars' n_sp250_hsp_bw_`i'
 43. }
 44. 
. egen e_sp250_crime_hsp = rowmean(`hsp_vars')
 45. egen e_sp250_crime_bw = rowmean(`bw_vars')
 46. egen e_sp250_crime_hsp_bw = rowmean(`hsp_bw_vars')
 47. egen e_n_sp250_hsp = rowmean(`n_hsp_vars')
 48. egen e_n_sp250_bw = rowmean(`n_bw_vars')
 49. egen e_n_sp250_hsp_bw = rowmean(`n_hsp_bw_vars')
 50. 
. 
. 
. save out_data/crime_near_hs_sims_`operation', replace
 51. 
. ************************************************************
. * Save a temp file of just the expected value **************
. ***********************************************************
. keep objectid e_*
 52. tempfile expected_values
 53. save `expected_values'
 54. 
. 
. use tmp/ready_real_data, clear
 55. quietly drop if id == objectid 
 56. 
. qui gen sp250_crime_hsp = bl_crime_non_std if treat_hsp == 1 & all_sp250_hsp 
>  == 1
 57. qui gen sp250_crime_bw = bl_crime_non_std if treat_bw == 1 & all_sp250_bw 
>  == 1
 58. qui gen sp250_crime_hsp_bw = bl_crime_non_std if treat_bw == 1 & treat_hsp
>  == 1 & ///
>         all_sp250_hsp == 1 & all_sp250_bw == 1
 59. qui gen n_sp250_hsp = (treat_hsp == 1) if all_sp250_hsp == 1 
 60. qui gen n_sp250_bw = (treat_bw == 1) if all_sp250_bw == 1
 61. qui gen n_sp250_hsp_bw = (treat_hsp == 1 & treat_bw == 1) if ///
>         all_sp250_hsp == 1 & all_sp250_bw == 1
 62. 
. *********************************************************
. * Keep just the spillover variables we just created *****
. *********************************************************
. keep id ///
> sp250_crime_hsp ///
> sp250_crime_bw ///
> sp250_crime_hsp_bw ///
> n_sp250_hsp ///
> n_sp250_bw ///
> n_sp250_hsp_bw ///
> 
 63. * Rename the id variable
. rename id objectid 
 64. 
. 
. ***********************************************************
. * Perform the collapse *************************************
. ***********************************************************
. fcollapse (`operation') sp250* (sum) n_* , by(objectid)
 65. 
. 
. 
. 
. *************************************************************
. * Merge in the rest of the street segments ******************
. *************************************************************
. quietly merge 1:1 objectid using in_data/treat_status, keepusing(objectid) no
> gen
 66. 
. *************************************************************
. * Replace observations with missing *************************
. *************************************************************
. foreach var of varlist sp250* n_* {
 67.         quietly replace `var' = 0 if missing(`var')
 68. }
 69. 
. ******************************************************************
. * Merge in the expected values ***********************************
. ****************************************************************
. merge 1:1 objectid using `expected_values', nogen 
 70. 
. save out_data/crime_near_hs_real_`operation', replace
 71. 
. end

. 
. 
. ***
. 
end of do-file

. crime_hs_near, operation(sum)

****** Repetitions in the for loop ***********
************* Collapsing ************
file out_data/crime_near_hs_sims_sum.dta saved
file /tmp/St37935.000002 saved

    Result                           # of obs.
    -----------------------------------------
    not matched                             0
    matched                           137,117  
    -----------------------------------------
file out_data/crime_near_hs_real_sum.dta saved

. crime_hs_near, operation(mean)

****** Repetitions in the for loop ***********
************* Collapsing ************
file out_data/crime_near_hs_sims_mean.dta saved
file /tmp/St37935.000001 saved

    Result                           # of obs.
    -----------------------------------------
    not matched                             0
    matched                           137,117  
    -----------------------------------------
file out_data/crime_near_hs_real_mean.dta saved

. ***
. 
. 
. 
. 
end of do-file


. [?1l>